INFO - __main__ - Created Employee: Siraj Motaung - Siraj.Motaung@gmail.com
INFO - __main__ - Created Employee: Shameel Nkosi - Shameel.Nkosi@gmail.com
INFO - __main__ - Created Employee: Ossama Issah - Ossama.Issah@gmail.com
INFO - employee - Created Employee: Siraj Motaung - Siraj.Motaung@gmail.com
INFO - employee - Created Employee: Shameel Nkosi - Shameel.Nkosi@gmail.com
INFO - employee - Created Employee: Ossama Issah - Ossama.Issah@gmail.com
INFO - /Users/siraj.motaung/personalworkspace/Python/logging/employee.py - Created Employee: Siraj Motaung - Siraj.Motaung@gmail.com
INFO - /Users/siraj.motaung/personalworkspace/Python/logging/employee.py - Created Employee: Shameel Nkosi - Shameel.Nkosi@gmail.com
INFO - /Users/siraj.motaung/personalworkspace/Python/logging/employee.py - Created Employee: Ossama Issah - Ossama.Issah@gmail.com
INFO - /Users/siraj.motaung/personalworkspace/Python/logging/employee.py - Created Employee: Siraj Motaung - Siraj.Motaung@gmail.com
INFO - /Users/siraj.motaung/personalworkspace/Python/logging/employee.py - Created Employee: Shameel Nkosi - Shameel.Nkosi@gmail.com
INFO - /Users/siraj.motaung/personalworkspace/Python/logging/employee.py - Created Employee: Ossama Issah - Ossama.Issah@gmail.com
INFO - /Users/siraj.motaung/personalworkspace/Python/logging/employee.py - Created Employee: Siraj Motaung - Siraj.Motaung@gmail.com
INFO - /Users/siraj.motaung/personalworkspace/Python/logging/employee.py - Created Employee: Shameel Nkosi - Shameel.Nkosi@gmail.com
INFO - /Users/siraj.motaung/personalworkspace/Python/logging/employee.py - Created Employee: Ossama Issah - Ossama.Issah@gmail.com
INFO - /Users/siraj.motaung/personalworkspace/Python/logging/employee.py - Created Employee: Siraj Motaung - Siraj.Motaung@gmail.com
INFO - /Users/siraj.motaung/personalworkspace/Python/logging/employee.py - Created Employee: Shameel Nkosi - Shameel.Nkosi@gmail.com
INFO - /Users/siraj.motaung/personalworkspace/Python/logging/employee.py - Created Employee: Ossama Issah - Ossama.Issah@gmail.com
INFO - /Users/siraj.motaung/personalworkspace/Python/logging/employee.py - Created Employee: Siraj Motaung - Siraj.Motaung@gmail.com
INFO - /Users/siraj.motaung/personalworkspace/Python/logging/employee.py - Created Employee: Shameel Nkosi - Shameel.Nkosi@gmail.com
INFO - /Users/siraj.motaung/personalworkspace/Python/logging/employee.py - Created Employee: Ossama Issah - Ossama.Issah@gmail.com
INFO - /Users/siraj.motaung/personalworkspace/Python/logging/employee.py - Created Employee: Siraj Motaung - Siraj.Motaung@gmail.com
INFO - /Users/siraj.motaung/personalworkspace/Python/logging/employee.py - Created Employee: Shameel Nkosi - Shameel.Nkosi@gmail.com
INFO - /Users/siraj.motaung/personalworkspace/Python/logging/employee.py - Created Employee: Ossama Issah - Ossama.Issah@gmail.com
INFO - /Users/siraj.motaung/personalworkspace/Python/logging/employee.py - Created Employee: Siraj Motaung - Siraj.Motaung@gmail.com
INFO - /Users/siraj.motaung/personalworkspace/Python/logging/employee.py - Created Employee: Shameel Nkosi - Shameel.Nkosi@gmail.com
INFO - /Users/siraj.motaung/personalworkspace/Python/logging/employee.py - Created Employee: Ossama Issah - Ossama.Issah@gmail.com
INFO - /Users/siraj.motaung/personalworkspace/Python/logging/employee.py - Created Employee: Siraj Motaung - Siraj.Motaung@gmail.com
INFO - /Users/siraj.motaung/personalworkspace/Python/logging/employee.py - Created Employee: Shameel Nkosi - Shameel.Nkosi@gmail.com
INFO - /Users/siraj.motaung/personalworkspace/Python/logging/employee.py - Created Employee: Ossama Issah - Ossama.Issah@gmail.com
